0 info it worked if it ends with ok
1 verbose cli [ '/usr/local/bin/node', '/usr/local/bin/npm', 'publish' ]
2 info using npm@1.4.14
3 info using node@v0.10.29
4 verbose publish [ '.' ]
5 verbose cache add [ '.', null ]
6 verbose cache add name=undefined spec="." args=[".",null]
7 verbose parsed url { protocol: null,
7 verbose parsed url   slashes: null,
7 verbose parsed url   auth: null,
7 verbose parsed url   host: null,
7 verbose parsed url   port: null,
7 verbose parsed url   hostname: null,
7 verbose parsed url   hash: null,
7 verbose parsed url   search: null,
7 verbose parsed url   query: null,
7 verbose parsed url   pathname: '.',
7 verbose parsed url   path: '.',
7 verbose parsed url   href: '.' }
8 silly lockFile 3a52ce78- .
9 verbose lock . /Users/ronald/.npm/3a52ce78-.lock
10 verbose tar pack [ '/Users/ronald/.npm/ioc/0.0.0/package.tgz', '.' ]
11 verbose tarball /Users/ronald/.npm/ioc/0.0.0/package.tgz
12 verbose folder .
13 info prepublish ioc@0.0.0
14 silly lockFile 1f1177db-tar tar://.
15 verbose lock tar://. /Users/ronald/.npm/1f1177db-tar.lock
16 silly lockFile 5d97420e-ronald-npm-ioc-0-0-0-package-tgz tar:///Users/ronald/.npm/ioc/0.0.0/package.tgz
17 verbose lock tar:///Users/ronald/.npm/ioc/0.0.0/package.tgz /Users/ronald/.npm/5d97420e-ronald-npm-ioc-0-0-0-package-tgz.lock
18 silly lockFile 1f1177db-tar tar://.
19 silly lockFile 1f1177db-tar tar://.
20 silly lockFile 5d97420e-ronald-npm-ioc-0-0-0-package-tgz tar:///Users/ronald/.npm/ioc/0.0.0/package.tgz
21 silly lockFile 5d97420e-ronald-npm-ioc-0-0-0-package-tgz tar:///Users/ronald/.npm/ioc/0.0.0/package.tgz
22 silly lockFile 2b1ad1bd-ers-ronald-npm-ioc-0-0-0-package /Users/ronald/.npm/ioc/0.0.0/package
23 verbose lock /Users/ronald/.npm/ioc/0.0.0/package /Users/ronald/.npm/2b1ad1bd-ers-ronald-npm-ioc-0-0-0-package.lock
24 silly lockFile 2b1ad1bd-ers-ronald-npm-ioc-0-0-0-package /Users/ronald/.npm/ioc/0.0.0/package
25 silly lockFile 2b1ad1bd-ers-ronald-npm-ioc-0-0-0-package /Users/ronald/.npm/ioc/0.0.0/package
26 silly lockFile 3a52ce78- .
27 silly lockFile 3a52ce78- .
28 silly publish { name: 'ioc',
28 silly publish   version: '0.0.0',
28 silly publish   description: '',
28 silly publish   main: 'ioc.js',
28 silly publish   scripts: { test: 'node node_modules/mocha/bin/mocha tests.js --reporter list' },
28 silly publish   author: '',
28 silly publish   license: 'ISC',
28 silly publish   dependencies: { mocha: '~1.21.4' },
28 silly publish   readme: 'ERROR: No README data found!',
28 silly publish   _id: 'ioc@0.0.0',
28 silly publish   _shasum: '9013ea81d43e80ffe62318551cb9d9bdb6989f0f',
28 silly publish   _from: '.' }
29 verbose url raw ioc
30 verbose url resolving [ 'https://registry.npmjs.org/', './ioc' ]
31 verbose url resolved https://registry.npmjs.org/ioc
32 info trying registry request attempt 1 at 00:37:55
33 http PUT https://registry.npmjs.org/ioc
34 http 403 https://registry.npmjs.org/ioc
35 verbose headers { date: 'Mon, 08 Sep 2014 22:37:56 GMT',
35 verbose headers   server: 'CouchDB/1.5.0 (Erlang OTP/R14B04)',
35 verbose headers   'content-type': 'application/json',
35 verbose headers   'cache-control': 'max-age=60',
35 verbose headers   'content-length': '2532',
35 verbose headers   'accept-ranges': 'bytes',
35 verbose headers   via: '1.1 varnish',
35 verbose headers   'x-served-by': 'cache-fra1223-FRA',
35 verbose headers   'x-cache': 'MISS',
35 verbose headers   'x-cache-hits': '0',
35 verbose headers   'x-timer': 'S1410215876.234090,VS0,VE675',
35 verbose headers   'keep-alive': 'timeout=10, max=50',
35 verbose headers   connection: 'Keep-Alive' }
36 error publish Failed PUT 403
37 error Error: forbidden user: rvdkooy not authorized to modify ioc
37 error Deleted: description
37 error Changed: dist-tags.latest "0.1.0" -> "0.0.0"
37 error Added: versions.0.0.0
37 error Changed: readme "ioc.js\u000a======\u000a\u000a[![Build Status](https://travis-ci.org/tgriesser/ioc.js.png)](https://travis-ci.org/tgriesser/ioc.js)\u000a\u000aA simple IoC service locator for javascript\u000a\u000a**ioc.register(name, callback)**\u000a\u000aRegister an item with the ioc - the item can be any type, callback or otherwise\u000a\u000a**ioc.replace(name, callback, singleton)**\u000a\u000aReplaces an item in the registry with the second argument. Pass true as the\u000athird argument to register as a singleton\u000a\u000a**ioc.registerOrReplace(name, callback, singleton)**\u000a\u000aRegisters an item if it doesn't exist yet, replaces it otherwise\u000a\u000a**ioc.isRegistered(name)**\u000a\u000aReturns a boolean, whether the name has been registered on the container\u000a\u000a**ioc.unregister(name)**\u000a\u000aRemoves the item from the registry by name\u000a\u000a**ioc.singleton(name, callback)**\u000a\u000aRegisters a callback as a singleton. No-op if the second argument isn't a function\u000a\u000a**ioc.resolve(name, args, context)**\u000a\u000aResolves the item associated with \"name\", with an optional array passed in\u000aas arguments, and optional \"context\" used when invoking a callback.\u000a\u000a**ioc.ctor(name, args*)**\u000a\u000aCalls the function associated with \"name\" as constructor, with any arguments following name\u000apassed to the constructor.\u000a\u000a## Examples\u000a\u000a```javascript\u000a\u000avar ioc = require('ioc');\u000a\u000aioc.register('pageView', function (opts) {\u000a  \u000a  return (new (Backbone.View.extend({\u000a    initialize: function (){\u000a      \u000a    },\u000a    render: function () {\u000a      this.$el.html('Hello World');\u000a    }\u000a  }))(opts));\u000a  \u000a});\u000a\u000avar pageView = ioc.resolve('pageView', [{model:model}]);\u000avar pageView2 = ioc.resolve('pageView', [{model:model2}]);\u000a\u000a```\u000a\u000a## License\u000a\u000aMIT\u000a\u000a\u000a" -> "ERROR: No README data found!"
37 error Changed: time.modified "2014-08-14T18:50:51.550Z" -> "2014-09-08T22:36:06.161Z"
37 error Added: time.0.0.0
37 error Deleted: author
37 error Deleted: repository
37 error Deleted: keywords
37 error Changed: license "MIT" -> "ISC"
37 error Changed: readmeFilename "README.md" -> ""
37 error Added: _attachments: ioc
37 error     at RegClient.<anonymous> (/usr/local/lib/node_modules/npm/node_modules/npm-registry-client/lib/request.js:274:14)
37 error     at Request._callback (/usr/local/lib/node_modules/npm/node_modules/npm-registry-client/lib/request.js:212:65)
37 error     at Request.self.callback (/usr/local/lib/node_modules/npm/node_modules/request/request.js:123:22)
37 error     at Request.emit (events.js:98:17)
37 error     at Request.<anonymous> (/usr/local/lib/node_modules/npm/node_modules/request/request.js:893:14)
37 error     at Request.emit (events.js:117:20)
37 error     at IncomingMessage.<anonymous> (/usr/local/lib/node_modules/npm/node_modules/request/request.js:844:12)
37 error     at IncomingMessage.emit (events.js:117:20)
37 error     at _stream_readable.js:929:16
37 error     at process._tickCallback (node.js:419:13)
38 error If you need help, you may report this *entire* log,
38 error including the npm and node versions, at:
38 error     <http://github.com/npm/npm/issues>
39 error System Darwin 13.3.0
40 error command "/usr/local/bin/node" "/usr/local/bin/npm" "publish"
41 error cwd /Users/ronald/Documents/Development/projects/ioc
42 error node -v v0.10.29
43 error npm -v 1.4.14
44 verbose exit [ 1, true ]
